Arguments: 
  /usr/bin/node /usr/share/yarn/bin/yarn.js install

PATH: 
  /usr/local/rvm/gems/ruby-2.7.1/bin:/usr/local/rvm/gems/ruby-2.7.1@global/bin:/usr/local/rvm/rubies/ruby-2.7.1/bin:/usr/local/sbin:/usr/local/bin:/usr/sbin:/usr/bin:/sbin:/bin:/usr/games:/usr/local/games:/mnt/c/Program Files/WindowsApps/CanonicalGroupLimited.Ubuntu18.04onWindows_2020.1804.7.0_x64__79rhkp1fndgsc:/mnt/c/Python38/Scripts/:/mnt/c/Python38/:/mnt/c/WINDOWS/system32:/mnt/c/WINDOWS:/mnt/c/WINDOWS/System32/Wbem:/mnt/c/WINDOWS/System32/WindowsPowerShell/v1.0/:/mnt/c/WINDOWS/System32/OpenSSH/:/mnt/c/Program Files/Git/cmd:/mnt/c/Program Files/nodejs/:/mnt/c/ProgramData/chocolatey/bin:/mnt/c/Users/aguil/AppData/Local/Microsoft/WindowsApps:/mnt/c/Users/aguil/AppData/Local/Programs/Microsoft VS Code/bin:/mnt/c/Program Files/heroku/bin:/mnt/c/Users/aguil/AppData/Roaming/npm:/snap/bin:/root/.dotnet/tools:/usr/local/rvm/bin

Yarn version: 
  1.22.4

Node version: 
  12.16.2

Platform: 
  linux x64

Trace: 
  Error: https://registry.yarnpkg.com/core-js/-/core-js-2.6.11.tgz: ESOCKETTIMEDOUT
      at ClientRequest.<anonymous> (/usr/share/yarn/lib/cli.js:141375:19)
      at Object.onceWrapper (events.js:416:28)
      at ClientRequest.emit (events.js:310:20)
      at TLSSocket.emitRequestTimeout (_http_client.js:714:9)
      at Object.onceWrapper (events.js:416:28)
      at TLSSocket.emit (events.js:310:20)
      at TLSSocket.Socket._onTimeout (net.js:479:8)
      at listOnTimeout (internal/timers.js:549:17)
      at processTimers (internal/timers.js:492:7)

npm manifest: 
  {
    "main": "node_modules/expo/AppEntry.js",
    "scripts": {
      "start": "expo start",
      "android": "expo start --android",
      "ios": "expo start --ios",
      "web": "expo start --web",
      "eject": "expo eject"
    },
    "dependencies": {
      "expo": "~37.0.3",
      "react": "~16.9.0",
      "react-dom": "~16.9.0",
      "react-native": "https://github.com/expo/react-native/archive/sdk-37.0.1.tar.gz",
      "react-native-web": "~0.11.7"
    },
    "devDependencies": {
      "babel-preset-expo": "~8.1.0",
      "@babel/core": "^7.8.6"
    },
    "private": true
  }

yarn manifest: 
  No manifest

Lockfile: 
  No lockfile
